<?xml version="1.0" encoding="UTF-8"?>
<!-- Generated by org.testng.reporters.JUnitReportReporter -->
<testsuite skipped="0" hostname="GEKAMBAR-N94RC" name="tests.TC005_DuplicateLead" tests="1" failures="0" timestamp="05 Sep 2018 11:17:46 GMT" time="33.130" errors="0">
  <testcase name="deleteLead" time="33.130" classname="tests.TC005_DuplicateLead"/>
</testsuite> <!-- tests.TC005_DuplicateLead -->
