<?xml version="1.0" encoding="UTF-8"?>
<!-- Generated by org.testng.reporters.JUnitReportReporter -->
<testsuite skipped="0" hostname="GEKAMBAR-N94RC" name="testcases.TC001_CreateLead" tests="1" failures="0" timestamp="01 Sep 2018 04:39:13 GMT" time="32.057" errors="0">
  <testcase name="createLead" time="32.057" classname="testcases.TC001_CreateLead"/>
</testsuite> <!-- testcases.TC001_CreateLead -->
