<?xml version="1.0" encoding="UTF-8"?>
<!-- Generated by org.testng.reporters.JUnitReportReporter -->
<testsuite skipped="0" hostname="GEKAMBAR-N94RC" name="tests.TC001_CreateLead" tests="1" failures="0" timestamp="05 Sep 2018 11:17:46 GMT" time="21.146" errors="0">
  <testcase name="createLead" time="21.146" classname="tests.TC001_CreateLead"/>
</testsuite> <!-- tests.TC001_CreateLead -->
