<?xml version="1.0" encoding="UTF-8"?>
<!-- Generated by org.testng.reporters.JUnitReportReporter -->
<testsuite skipped="0" hostname="GEKAMBAR-N94RC" name="tests.TC002_EditLead" tests="1" failures="0" timestamp="05 Sep 2018 11:17:46 GMT" time="26.875" errors="0">
  <testcase name="editLead" time="26.875" classname="tests.TC002_EditLead"/>
</testsuite> <!-- tests.TC002_EditLead -->
