<?xml version="1.0" encoding="UTF-8"?>
<!-- Generated by org.testng.reporters.JUnitReportReporter -->
<testsuite skipped="0" hostname="GEKAMBAR-N94RC" name="tests.TC004_MergeLead" tests="1" failures="0" timestamp="05 Sep 2018 11:17:46 GMT" time="53.937" errors="0">
  <testcase name="deleteLead" time="53.937" classname="tests.TC004_MergeLead"/>
</testsuite> <!-- tests.TC004_MergeLead -->
