<?xml version="1.0" encoding="UTF-8"?>
<!-- Generated by org.testng.reporters.JUnitReportReporter -->
<testsuite skipped="0" hostname="GEKAMBAR-N94RC" name="tests.TC003_DeleteLead" tests="1" failures="0" timestamp="07 Sep 2018 06:52:42 GMT" time="28.742" errors="0">
  <testcase name="deleteLead" time="28.742" classname="tests.TC003_DeleteLead"/>
</testsuite> <!-- tests.TC003_DeleteLead -->
